Resetting Makai's daily tasks...
Resetting 7 daily tasks with due date: Sep 17, 2025 11:59 PM
Updating: Check with mom Flight time - Daily
Updating: Read non fiction 30 min.
Updating: Practice Assignment Five - Cheney
Updating: Practice violin - Daily
Updating: Basketball - Daily
Updating: Study for U1 Examen 20 min
Updating: Check email - daily
Successfully reset 7 daily tasks!
Resetting Makai's daily tasks...
Resetting 7 daily tasks with due date: Sep 18, 2025 11:59 PM
Updating: Check with mom Flight time - Daily
Updating: Read non fiction 30 min.
Updating: Practice Assignment Five - Cheney
Updating: Practice violin - Daily
Updating: Basketball - Daily
Updating: Study for U1 Examen 20 min
Updating: Check email - daily
Successfully reset 7 daily tasks!
Resetting Makai's daily tasks...
Resetting 6 daily tasks with due date: Sep 19, 2025 11:59 PM
Updating: Practice violin - Daily
Updating: Study for U1 until you get 100% on quizlet
Updating: Check email - daily
Updating: Check with mom Flight time - Daily
Updating: Basketball - Daily
Updating: Read non fiction 30 min.
Successfully reset 6 daily tasks!
Resetting Makai's daily tasks...
Resetting 6 daily tasks with due date: Sep 20, 2025 11:59 PM
Updating: Practice violin - Daily
Updating: Study for U1 until you get 100% on quizlet
Updating: Check email - daily
Updating: Check with mom Flight time - Daily
Updating: Basketball - Daily
Updating: Read non fiction 30 min.
Successfully reset 6 daily tasks!
Resetting Makai's daily tasks...
Resetting 6 daily tasks with due date: Sep 21, 2025 11:59 PM
Updating: Practice violin - Daily
Updating: Study for U1 until you get 100% on quizlet
Updating: Check email - daily
Updating: Check with mom Flight time - Daily
Updating: Basketball - Daily
Updating: Read non fiction 30 min.
Successfully reset 6 daily tasks!
Resetting Makai's daily tasks...
Resetting 6 daily tasks with due date: Sep 22, 2025 11:59 PM
Updating: Practice violin - Daily
Updating: Study for U1 until you get 100% on quizlet
Updating: Check email - daily
Updating: Check with mom Flight time - Daily
Updating: Basketball - Daily
Updating: Read non fiction 30 min.
Successfully reset 6 daily tasks!
Resetting Makai's daily tasks...
Resetting 5 daily tasks with due date: Sep 23, 2025 11:59 PM
Updating: Practice violin - Daily
Updating: Basketball - Daily
Updating: Read non fiction 30 min.
Updating: Check with mom Flight time - Daily
Updating: Check email - daily
Successfully reset 5 daily tasks!
Resetting Makai's daily tasks...
Resetting 5 daily tasks with due date: Sep 24, 2025 11:59 PM
Updating: Practice violin - Daily
Updating: Basketball - Daily
Updating: Read non fiction 30 min.
Updating: Check with mom Flight time - Daily
Updating: Check email - daily
Successfully reset 5 daily tasks!
Resetting Makai's daily tasks...
Resetting 5 daily tasks with due date: Sep 25, 2025 11:59 PM
Updating: Practice violin - Daily
Updating: Basketball - Daily
Updating: Read non fiction 30 min.
Updating: Check with mom Flight time - Daily
Updating: Check email - daily
Successfully reset 5 daily tasks!
Resetting Makai's daily tasks...
Resetting 5 daily tasks with due date: Sep 26, 2025 11:59 PM
Updating: Practice violin - Daily
Updating: Basketball - Daily
Updating: Read non fiction 30 min.
Updating: Check email - daily
Updating: Check with mom Flight time - Daily
Successfully reset 5 daily tasks!
Resetting Makai's daily tasks...
Resetting 5 daily tasks with due date: Sep 27, 2025 11:59 PM
Updating: Basketball - Daily
Updating: Check with mom Flight time - Daily
Updating: Check email - daily
Updating: Practice violin - Daily
Updating: Read non fiction 30 min.
Successfully reset 5 daily tasks!
Resetting Makai's daily tasks...
Resetting 5 daily tasks with due date: Sep 28, 2025 11:59 PM
Updating: Basketball - Daily
Updating: Check with mom Flight time - Daily
Updating: Check email - daily
Updating: Practice violin - Daily
Updating: Read non fiction 30 min.
Successfully reset 5 daily tasks!
Resetting Makai's daily tasks...
Resetting 5 daily tasks with due date: Sep 29, 2025 11:59 PM
Updating: Basketball - Daily
Updating: Check with mom Flight time - Daily
Updating: Check email - daily
Updating: Practice violin - Daily
Updating: Read non fiction 30 min.
Successfully reset 5 daily tasks!
Resetting Makai's daily tasks...
Resetting 5 daily tasks with due date: Sep 30, 2025 11:59 PM
Updating: Basketball - Daily
Updating: Check with mom Flight time - Daily
Updating: Check email - daily
Updating: Practice violin - Daily
Updating: Read non fiction 30 min.
Successfully reset 5 daily tasks!
Resetting Makai's daily tasks...
Resetting 5 daily tasks with due date: Oct 1, 2025 11:59 PM
Updating: Practice violin - Daily
Updating: Check email - daily
Updating: Read non fiction 30 min.
Updating: Check with dad Flight time - Daily
Updating: Basketball - Daily
Successfully reset 5 daily tasks!
Resetting Makai's daily tasks...
Resetting 5 daily tasks with due date: Oct 2, 2025 11:59 PM
Updating: Practice violin - Daily
Updating: Check email - daily
Updating: Read non fiction 30 min.
Updating: Check with dad Flight time - Daily
Updating: Basketball - Daily
Successfully reset 5 daily tasks!
Resetting Makai's daily tasks...
Resetting 5 daily tasks with due date: Oct 3, 2025 11:59 PM
Updating: Practice violin - Daily
Updating: Check email - daily
Updating: Read non fiction 30 min.
Updating: Check with dad Flight time - Daily
Updating: Basketball - Daily
Successfully reset 5 daily tasks!
Resetting Makai's daily tasks...
Resetting 5 daily tasks with due date: Oct 4, 2025 11:59 PM
Updating: Practice violin - Daily
Updating: Check email - daily
Updating: Read non fiction 30 min.
Updating: Check with dad Flight time - Daily
Updating: Basketball - Daily
Successfully reset 5 daily tasks!
Resetting Makai's daily tasks...
Resetting 5 daily tasks with due date: Oct 5, 2025 11:59 PM
Updating: Practice violin - Daily
Updating: Check email - daily
Updating: Read non fiction 30 min.
Updating: Check with dad Flight time - Daily
Updating: Basketball - Daily
Successfully reset 5 daily tasks!
Resetting Makai's daily tasks...
Resetting 5 daily tasks with due date: Oct 6, 2025 11:59 PM
Updating: Practice violin - Daily
Updating: Check email - daily
Updating: Read non fiction 30 min.
Updating: Check with dad Flight time - Daily
Updating: Basketball - Daily
Successfully reset 5 daily tasks!
Resetting Makai's daily tasks...
Resetting 5 daily tasks with due date: Oct 7, 2025 11:59 PM
Updating: Check with dad Flight time - Daily
Updating: Basketball - Daily
Updating: Read non fiction 30 min.
Updating: Check email - daily
Updating: Practice violin - Daily
Successfully reset 5 daily tasks!
